make all --print-data-base --no-builtin-variables --no-builtin-rules --question
# GNU Make 4.3
# Built for x86_64-pc-linux-gnu
# Copyright (C) 1988-2020 Free Software Foundation, Inc.
# License GPLv3+: GNU GPL version 3 or later <http://gnu.org/licenses/gpl.html>
# This is free software: you are free to change and redistribute it.
# There is NO WARRANTY, to the extent permitted by law.

# Make data base, printed on Tue Jun 28 17:11:25 2022

# Variables

# makefile (from 'Makefile', line 6)
OBJ = $(SRC:.c=.o) 
# environment
GDK_BACKEND = x11
# environment
LC_ALL = C
# makefile (from 'Makefile', line 5)
SRC = $(REP)vecteur.c $(REP)file.c $(REP)planet.c $(REP)point.c
# environment
GNOME_SHELL_SESSION_MODE = ubuntu
# environment
SSH_AGENT_LAUNCHER = gnome-keyring
# environment
GJS_DEBUG_OUTPUT = stderr
# environment
VSCODE_IPC_HOOK_EXTHOST = /run/user/1000/vscode-ipc-35c80bef-90b8-4d9c-82a9-8393ed9a88da.sock
# environment
MANDATORY_PATH = /usr/share/gconf/ubuntu.mandatory.path
# environment
VSCODE_CWD = /home/kilian
# environment
WINDOWPATH = 2
# default
MAKE_COMMAND := make
# environment
QT_ACCESSIBILITY = 1
# automatic
@D = $(patsubst %/,%,$(dir $@))
# environment
VSCODE_HANDLES_UNCAUGHT_ERRORS = true
# default
.VARIABLES := 
# environment
PWD = /home/kilian/Documents/GitHub/SIMULATION/Code/C
# automatic
%D = $(patsubst %/,%,$(dir $%))
# environment
LSCOLORS = Gxfxcxdxbxegedabagacad
# environment
XDG_DATA_DIRS = /usr/share/ubuntu:/usr/share/gnome:/home/kilian/.local/share/flatpak/exports/share:/var/lib/flatpak/exports/share:/usr/local/share/:/usr/share/:/var/lib/snapd/desktop
# environment
OLDPWD = /home/kilian
# automatic
^D = $(patsubst %/,%,$(dir $^))
# environment
VSCODE_LOG_STACK = false
# automatic
%F = $(notdir $%)
# environment
VSCODE_CODE_CACHE_PATH = /home/kilian/.config/Code/CachedData/30d9c6cd9483b2cc586687151bcbcd635f373630
# environment
LANG = C
# environment
XAUTHORITY = /run/user/1000/gdm/Xauthority
# default
.LOADED := 
# default
.INCLUDE_DIRS = /usr/local/include /usr/include /usr/include
# makefile
MAKEFLAGS = pqrR
# makefile
CURDIR := /home/kilian/Documents/GitHub/SIMULATION/Code/C
# environment
VSCODE_PIPE_LOGGING = true
# makefile (from 'Makefile', line 3)
REP = Fonctions/
# environment
APPLICATION_INSIGHTS_NO_DIAGNOSTIC_CHANNEL = 1
# automatic
*D = $(patsubst %/,%,$(dir $*))
# environment
MFLAGS = -pqrR
# environment
SSH_AUTH_SOCK = /run/user/1000/keyring/ssh
# default
.SHELLFLAGS := -c
# environment
XDG_CONFIG_DIRS = /etc/xdg/xdg-ubuntu:/etc/xdg
# automatic
+D = $(patsubst %/,%,$(dir $+))
# environment
XDG_SESSION_DESKTOP = ubuntu
# makefile (from 'Makefile', line 1)
MAKEFILE_LIST := Makefile
# automatic
@F = $(notdir $@)
# environment
PT8HOME = /opt/pt
# environment
ZSH = /home/kilian/.oh-my-zsh
# environment
VSCODE_VERBOSE_LOGGING = true
# environment
VSCODE_PID = 3945
# environment
XDG_SESSION_TYPE = x11
# automatic
?D = $(patsubst %/,%,$(dir $?))
# environment
SESSION_MANAGER = local/pavillon:@/tmp/.ICE-unix/2761,unix/pavillon:/tmp/.ICE-unix/2761
# automatic
*F = $(notdir $*)
# environment
CHROME_DESKTOP = code-url-handler.desktop
# environment
DBUS_SESSION_BUS_ADDRESS = unix:path=/run/user/1000/bus
# makefile (from 'Makefile', line 7)
LIB = $(REP)libAstre.a
# automatic
<D = $(patsubst %/,%,$(dir $<))
# makefile (from 'Makefile', line 2)
EXEC = trajectoireAstre
# environment
VSCODE_NLS_CONFIG = {"locale":"fr","availableLanguages":{"*":"fr"},"_languagePackId":"575d78304484aa5fa0cbb32d34fd883d.fr","_translationsConfigFile":"/home/kilian/.config/Code/clp/575d78304484aa5fa0cbb32d34fd883d.fr/tcf.json","_cacheRoot":"/home/kilian/.config/Code/clp/575d78304484aa5fa0cbb32d34fd883d.fr","_resolvedLanguagePackCoreLocation":"/home/kilian/.config/Code/clp/575d78304484aa5fa0cbb32d34fd883d.fr/30d9c6cd9483b2cc586687151bcbcd635f373630","_corruptedFile":"/home/kilian/.config/Code/clp/575d78304484aa5fa0cbb32d34fd883d.fr/corrupted.info","_languagePackSupport":true}
# default
MAKE_HOST := x86_64-pc-linux-gnu
# environment
GNOME_DESKTOP_SESSION_ID = this-is-deprecated
# makefile
SHELL = /bin/sh
# default
MAKECMDGOALS := all
# environment
XMODIFIERS = @im=ibus
# environment
GJS_DEBUG_TOPICS = JS ERROR;JS LOG
# environment
SHLVL = 0
# environment
MAKELEVEL := 0
# default
MAKE = $(MAKE_COMMAND)
# environment
PATH = /home/kilian/.local/bin:/usr/local/sbin:/usr/local/bin:/usr/sbin:/usr/bin:/sbin:/bin:/usr/games:/usr/local/games:/snap/bin:/snap/bin
# default
MAKEFILES := 
# automatic
^F = $(notdir $^)
# makefile (from 'Makefile', line 8)
HEADER = $(REP)trajectoireAstre.h
# makefile (from 'Makefile', line 4)
MAIN = $(REP)main.c
# environment
INVOCATION_ID = 18587962a8074889959a088e130cd579
# environment
VSCODE_LOG_NATIVE = false
# environment
USERNAME = kilian
# automatic
?F = $(notdir $?)
# environment
XDG_CURRENT_DESKTOP = Unity
# environment
LS_COLORS = 
# automatic
+F = $(notdir $+)
# environment
LESS = -R
# environment
DESKTOP_SESSION = ubuntu
# environment
ORIGINAL_XDG_CURRENT_DESKTOP = ubuntu:GNOME
# 'override' directive
GNUMAKEFLAGS := 
# environment
LOGNAME = kilian
# environment
GIO_LAUNCHED_DESKTOP_FILE = /usr/share/applications/code.desktop
# makefile
.DEFAULT_GOAL := all
# environment
SYSTEMD_EXEC_PID = 2782
# environment
DISPLAY = :1
# environment
USER = kilian
# environment
GTK_MODULES = gail:atk-bridge
# environment
DEFAULTS_PATH = /usr/share/gconf/ubuntu.default.path
# default
MAKE_VERSION := 4.3
# environment
MANAGERPID = 2452
# environment
GIO_LAUNCHED_DESKTOP_FILE_PID = 3945
# environment
PAGER = less
# environment
_ = /usr/share/code/code
# environment
XDG_RUNTIME_DIR = /run/user/1000
# environment
GPG_AGENT_INFO = /run/user/1000/gnupg/S.gpg-agent:0:1
# environment
JOURNAL_STREAM = 8:38475
# environment
XDG_SESSION_CLASS = user
# environment
VSCODE_AMD_ENTRYPOINT = vs/workbench/api/node/extensionHostProcess
# environment
HOME = /home/kilian
# environment
QT_IM_MODULE = ibus
# environment
ELECTRON_RUN_AS_NODE = 1
# environment
VSCODE_IPC_HOOK = /run/user/1000/vscode-c48c5404-1.68.1-main.sock
# environment
IM_CONFIG_PHASE = 1
# default
.RECIPEPREFIX := 
# automatic
<F = $(notdir $<)
# default
SUFFIXES := 
# default
.FEATURES := target-specific order-only second-expansion else-if shortest-stem undefine oneshell nocomment grouped-target extra-prereqs archives jobserver output-sync check-symlink load
# makefile (from 'Makefile', line 1)
CC = gcc -Wall
# environment
XDG_MENU_PREFIX = gnome-
# environment
GDMSESSION = ubuntu
# variable set hash-table stats:
# Load=112/1024=11%, Rehash=0, Collisions=14/180=8%

# Pattern-specific Variable Values

# No pattern-specific variable values.

# Directories

# . (device 66309, inode 789290): 8 files, no impossibilities.

# 8 files, no impossibilities in 1 directories.

# Implicit Rules

# No implicit rules.

# Files

cleanAll:
#  Implicit rule search has not been done.
#  Modification time never checked.
#  File has not been updated.
#  recipe to execute (from 'Makefile', line 29):
	rm $(OBJ) $(REP)main.o $(EXEC) $(LIB)

Fonctions/file.o: Fonctions/vecteur.c Fonctions/file.c Fonctions/planet.c Fonctions/point.c
#  Implicit rule search has not been done.
#  Modification time never checked.
#  File has not been updated.
#  recipe to execute (from 'Makefile', line 19):
	$(CC) -c $(SRC) 

# Not a target:
Fonctions/vecteur.c:
#  Implicit rule search has been done.
#  Last modified 2022-06-28 10:00:54.643822032
#  File has been updated.
#  Successfully updated.

cleanData:
#  Implicit rule search has not been done.
#  Modification time never checked.
#  File has not been updated.
#  recipe to execute (from 'Makefile', line 32):
	rm ../Data/*.json

# Not a target:
Makefile:
#  Implicit rule search has been done.
 
#  Last modified 2022-06-28 16:18:46.041321966
#  File has been updated.
#  Successfully updated.

clean:
#  Implicit rule search has not been done.
#  Modification time never checked.
#  File has not been updated.
#  recipe to execute (from 'Makefile', line 26):
	rm $(REP)$(OBJ)

# Not a target:
Fonctions/point.c:
#  Implicit rule search has been done.
#  Last modified 2022-06-28 16:53:59.519116618
#  File has been updated.
#  Successfully updated.

# Not a target:
Fonctions/main.c:
#  Implicit rule search has not been done.
#  Modification time never checked.
#  File has not been updated.

# Not a target:
Fonctions/file.c:
#  Implicit rule search has been done.
#  Last modified 2022-06-28 16:53:59.519116618
#  File has been updated.
#  Successfully updated.

# Not a target:
.DEFAULT:
#  Implicit rule search has not been done.
#  Modification time never checked.
#  File has not been updated.

all: trajectoireAstre
#  Command line target.
#  Implicit rule search has been done.
#  File does not exist.
#  File has been updated.
#  Needs to be updated (-q is set).
# variable set hash-table stats:
# Load=0/32=0%, Rehash=0, Collisions=0/9=0%

# Not a target:
Fonctions/planet.c:
#  Implicit rule search has been done.
#  Last modified 2022-06-28 16:53:59.519116618
#  File has been updated.
#  Successfully updated.

Fonctions/planet.o: Fonctions/vecteur.c Fonctions/file.c Fonctions/planet.c Fonctions/point.c
#  Implicit rule search has not been done.
#  Modification time never checked.
#  File has not been updated.
#  recipe to execute (from 'Makefile', line 19):
	$(CC) -c $(SRC) 

Fonctions/libAstre.a: Fonctions/vecteur.o Fonctions/file.o Fonctions/planet.o Fonctions/point.o
#  Implicit rule search has not been done.
#  Last modified 2022-06-28 16:51:41.557927972
#  File has been updated.
#  Needs to be updated (-q is set).
# variable set hash-table stats:
# Load=0/32=0%, Rehash=0, Collisions=0/9=0%
#  recipe to execute (from 'Makefile', line 22):
	mv *.o $(REP)
	ar rv $(LIB) $(OBJ)

# Not a target:
Fonctions/main.o:
#  Implicit rule search has not been done.
#  Modification time never checked.
#  File has not been updated.

main.o: Fonctions/main.c Fonctions/trajectoireAstre.h
#  Implicit rule search has not been done.
#  Modification time never checked.
#  File has not been updated.
#  recipe to execute (from 'Makefile', line 16):
	$(CC) -c $(MAIN) 

Fonctions/vecteur.o: Fonctions/vecteur.c Fonctions/file.c Fonctions/planet.c Fonctions/point.c
#  Implicit rule search has not been done.
#  Implicit/static pattern stem: ''
#  Last modified 2022-06-28 16:51:41.437926893
#  File has been updated.
#  Needs to be updated (-q is set).
# automatic
# @ := Fonctions/vecteur.o
# automatic
# * := 
# automatic
# < := Fonctions/vecteur.c
# automatic
# + := Fonctions/vecteur.c Fonctions/file.c Fonctions/planet.c Fonctions/point.c
# automatic
# % := 
# automatic
# ^ := Fonctions/vecteur.c Fonctions/file.c Fonctions/planet.c Fonctions/point.c
# automatic
# ? := Fonctions/file.c Fonctions/planet.c Fonctions/point.c
# automatic
# | := 
# variable set hash-table stats:
# Load=8/32=25%, Rehash=0, Collisions=2/17=12%
#  recipe to execute (from 'Makefile', line 19):
	$(CC) -c $(SRC) 

trajectoireAstre: Fonctions/libAstre.a Fonctions/main.o
#  Implicit rule search has not been done.
#  Last modified 2022-06-28 16:51:41.605928404
#  File has been updated.
#  Needs to be updated (-q is set).
# variable set hash-table stats:
# Load=0/32=0%, Rehash=0, Collisions=0/9=0%
#  recipe to execute (from 'Makefile', line 13):
	$(CC) -o $@ $(MAIN:.c=.o) $(LIB) -lm

# Not a target:
Fonctions/trajectoireAstre.h:
#  Implicit rule search has not been done.
#  Modification time never checked.
#  File has not been updated.

Fonctions/point.o: Fonctions/vecteur.c Fonctions/file.c Fonctions/planet.c Fonctions/point.c
#  Implicit rule search has not been done.
#  Modification time never checked.
#  File has not been updated.
#  recipe to execute (from 'Makefile', line 19):
	$(CC) -c $(SRC) 

# Not a target:
.SUFFIXES:
#  Implicit rule search has not been done.
#  Modification time never checked.
#  File has not been updated.

# files hash-table stats:
# Load=21/1024=2%, Rehash=0, Collisions=1/48=2%
# VPATH Search Paths

# No 'vpath' search paths.

# No general ('VPATH' variable) search path.

# strcache buffers: 1 (0) / strings = 29 / storage = 378 B / avg = 13 B
# current buf: size = 8162 B / used = 378 B / count = 29 / avg = 13 B

# strcache performance: lookups = 53 / hit rate = 45%
# hash-table stats:
# Load=29/8192=0%, Rehash=0, Collisions=0/53=0%
# Finished Make data base on Tue Jun 28 17:11:25 2022

 
